<?xml version="1.0" encoding="UTF-8"?>
<!-- Generated by org.testng.reporters.JUnitXMLReporter -->
<testsuite ignored="0" hostname="LAPTOP-TF7ID873" failures="0" tests="4" name="Default test" time="15.127" errors="0" timestamp="2023-04-21T17:14:25 IST">
  <testcase classname="april21.NewTest" name="verify_login" time="7.109"/>
  <testcase classname="april21.NewTest" name="verify_login" time="2.129"/>
  <testcase classname="april21.NewTest" name="verify_login" time="2.268"/>
  <testcase classname="april21.NewTest" name="verify_login" time="1.909"/>
</testsuite> <!-- Default test -->
