<?xml version="1.0" encoding="UTF-8"?>
<testng-results ignored="0" total="8" passed="8" failed="0" skipped="0">
  <reporter-output>
    <line>
      <![CDATA[login success::dashboard   http://orangehrm.qedgetech.com/symfony/web/index.php/dashboard]]>
    </line>
    <line>
      <![CDATA[login fail::dashboard    http://orangehrm.qedgetech.com/symfony/web/index.php/auth/validateCredentials]]>
    </line>
    <line>
      <![CDATA[login success::dashboard   http://orangehrm.qedgetech.com/symfony/web/index.php/dashboard]]>
    </line>
    <line>
      <![CDATA[login fail::dashboard    http://orangehrm.qedgetech.com/symfony/web/index.php/auth/validateCredentials]]>
    </line>
    <line>
      <![CDATA[login success::dashboard   http://orangehrm.qedgetech.com/symfony/web/index.php/dashboard]]>
    </line>
    <line>
      <![CDATA[login fail::dashboard    http://orangehrm.qedgetech.com/symfony/web/index.php/auth/validateCredentials]]>
    </line>
    <line>
      <![CDATA[login success::dashboard   http://orangehrm.qedgetech.com/symfony/web/index.php/dashboard]]>
    </line>
    <line>
      <![CDATA[login fail::dashboard    http://orangehrm.qedgetech.com/symfony/web/index.php/auth/validateCredentials]]>
    </line>
  </reporter-output>
  <suite started-at="2023-04-21T17:28:47 IST" name="Crossbrowsertesting" finished-at="2023-04-21T17:29:24 IST" duration-ms="36841">
    <groups>
    </groups>
    <test started-at="2023-04-21T17:28:47 IST" name="Chromebrowser" finished-at="2023-04-21T17:29:02 IST" duration-ms="15284">
      <class name="april21.Browsertesting">
        <test-method is-config="true" signature="beforeTest(java.lang.String)[pri:0, instance:april21.Browsertesting@16eb3ea3]" started-at="2023-04-21T17:28:47 IST" name="beforeTest" finished-at="2023-04-21T17:28:48 IST" duration-ms="1481" status="PASS">
          <params>
            <param index="0">
              <value>
                <![CDATA[Chrome]]>
              </value>
            </param>
          </params>
          <reporter-output>
          </reporter-output>
        </test-method> <!-- beforeTest -->
        <test-method signature="verify_login(java.lang.String,java.lang.String)[pri:0, instance:april21.Browsertesting@16eb3ea3]" started-at="2023-04-21T17:28:48 IST" name="verify_login" data-provider="dp" finished-at="2023-04-21T17:28:55 IST" duration-ms="7273" status="PASS">
          <params>
            <param index="0">
              <value>
                <![CDATA[Admin]]>
              </value>
            </param>
            <param index="1">
              <value>
                <![CDATA[Qedge123!@#]]>
              </value>
            </param>
          </params>
          <reporter-output>
            <line>
              <![CDATA[login success::dashboard   http://orangehrm.qedgetech.com/symfony/web/index.php/dashboard]]>
            </line>
          </reporter-output>
        </test-method> <!-- verify_login -->
        <test-method signature="verify_login(java.lang.String,java.lang.String)[pri:0, instance:april21.Browsertesting@16eb3ea3]" started-at="2023-04-21T17:28:55 IST" name="verify_login" data-provider="dp" finished-at="2023-04-21T17:28:57 IST" duration-ms="1957" status="PASS">
          <params>
            <param index="0">
              <value>
                <![CDATA[Admin1]]>
              </value>
            </param>
            <param index="1">
              <value>
                <![CDATA[Qedge123!@#]]>
              </value>
            </param>
          </params>
          <reporter-output>
            <line>
              <![CDATA[login fail::dashboard    http://orangehrm.qedgetech.com/symfony/web/index.php/auth/validateCredentials]]>
            </line>
          </reporter-output>
        </test-method> <!-- verify_login -->
        <test-method signature="verify_login(java.lang.String,java.lang.String)[pri:0, instance:april21.Browsertesting@16eb3ea3]" started-at="2023-04-21T17:28:57 IST" name="verify_login" data-provider="dp" finished-at="2023-04-21T17:29:00 IST" duration-ms="2236" status="PASS">
          <params>
            <param index="0">
              <value>
                <![CDATA[Admin]]>
              </value>
            </param>
            <param index="1">
              <value>
                <![CDATA[Qedge123!@#]]>
              </value>
            </param>
          </params>
          <reporter-output>
            <line>
              <![CDATA[login success::dashboard   http://orangehrm.qedgetech.com/symfony/web/index.php/dashboard]]>
            </line>
          </reporter-output>
        </test-method> <!-- verify_login -->
        <test-method signature="verify_login(java.lang.String,java.lang.String)[pri:0, instance:april21.Browsertesting@16eb3ea3]" started-at="2023-04-21T17:29:00 IST" name="verify_login" data-provider="dp" finished-at="2023-04-21T17:29:02 IST" duration-ms="1978" status="PASS">
          <params>
            <param index="0">
              <value>
                <![CDATA[Admin1]]>
              </value>
            </param>
            <param index="1">
              <value>
                <![CDATA[Qedge123!@#]]>
              </value>
            </param>
          </params>
          <reporter-output>
            <line>
              <![CDATA[login fail::dashboard    http://orangehrm.qedgetech.com/symfony/web/index.php/auth/validateCredentials]]>
            </line>
          </reporter-output>
        </test-method> <!-- verify_login -->
        <test-method is-config="true" signature="teardown()[pri:0, instance:april21.Browsertesting@16eb3ea3]" started-at="2023-04-21T17:29:02 IST" name="teardown" finished-at="2023-04-21T17:29:02 IST" duration-ms="304" status="PASS">
          <reporter-output>
          </reporter-output>
        </test-method> <!-- teardown -->
      </class> <!-- april21.Browsertesting -->
    </test> <!-- Chromebrowser -->
    <test started-at="2023-04-21T17:29:02 IST" name="Firefoxbrowser" finished-at="2023-04-21T17:29:24 IST" duration-ms="21452">
      <class name="april21.Browsertesting">
        <test-method is-config="true" signature="beforeTest(java.lang.String)[pri:0, instance:april21.Browsertesting@304bb45b]" started-at="2023-04-21T17:29:02 IST" name="beforeTest" finished-at="2023-04-21T17:29:09 IST" duration-ms="7306" status="PASS">
          <params>
            <param index="0">
              <value>
                <![CDATA[firefox]]>
              </value>
            </param>
          </params>
          <reporter-output>
          </reporter-output>
        </test-method> <!-- beforeTest -->
        <test-method signature="verify_login(java.lang.String,java.lang.String)[pri:0, instance:april21.Browsertesting@304bb45b]" started-at="2023-04-21T17:29:09 IST" name="verify_login" data-provider="dp" finished-at="2023-04-21T17:29:16 IST" duration-ms="6618" status="PASS">
          <params>
            <param index="0">
              <value>
                <![CDATA[Admin]]>
              </value>
            </param>
            <param index="1">
              <value>
                <![CDATA[Qedge123!@#]]>
              </value>
            </param>
          </params>
          <reporter-output>
            <line>
              <![CDATA[login success::dashboard   http://orangehrm.qedgetech.com/symfony/web/index.php/dashboard]]>
            </line>
          </reporter-output>
        </test-method> <!-- verify_login -->
        <test-method signature="verify_login(java.lang.String,java.lang.String)[pri:0, instance:april21.Browsertesting@304bb45b]" started-at="2023-04-21T17:29:16 IST" name="verify_login" data-provider="dp" finished-at="2023-04-21T17:29:19 IST" duration-ms="2978" status="PASS">
          <params>
            <param index="0">
              <value>
                <![CDATA[Admin1]]>
              </value>
            </param>
            <param index="1">
              <value>
                <![CDATA[Qedge123!@#]]>
              </value>
            </param>
          </params>
          <reporter-output>
            <line>
              <![CDATA[login fail::dashboard    http://orangehrm.qedgetech.com/symfony/web/index.php/auth/validateCredentials]]>
            </line>
          </reporter-output>
        </test-method> <!-- verify_login -->
        <test-method signature="verify_login(java.lang.String,java.lang.String)[pri:0, instance:april21.Browsertesting@304bb45b]" started-at="2023-04-21T17:29:19 IST" name="verify_login" data-provider="dp" finished-at="2023-04-21T17:29:21 IST" duration-ms="2250" status="PASS">
          <params>
            <param index="0">
              <value>
                <![CDATA[Admin]]>
              </value>
            </param>
            <param index="1">
              <value>
                <![CDATA[Qedge123!@#]]>
              </value>
            </param>
          </params>
          <reporter-output>
            <line>
              <![CDATA[login success::dashboard   http://orangehrm.qedgetech.com/symfony/web/index.php/dashboard]]>
            </line>
          </reporter-output>
        </test-method> <!-- verify_login -->
        <test-method signature="verify_login(java.lang.String,java.lang.String)[pri:0, instance:april21.Browsertesting@304bb45b]" started-at="2023-04-21T17:29:21 IST" name="verify_login" data-provider="dp" finished-at="2023-04-21T17:29:23 IST" duration-ms="1950" status="PASS">
          <params>
            <param index="0">
              <value>
                <![CDATA[Admin1]]>
              </value>
            </param>
            <param index="1">
              <value>
                <![CDATA[Qedge123!@#]]>
              </value>
            </param>
          </params>
          <reporter-output>
            <line>
              <![CDATA[login fail::dashboard    http://orangehrm.qedgetech.com/symfony/web/index.php/auth/validateCredentials]]>
            </line>
          </reporter-output>
        </test-method> <!-- verify_login -->
        <test-method is-config="true" signature="teardown()[pri:0, instance:april21.Browsertesting@304bb45b]" started-at="2023-04-21T17:29:23 IST" name="teardown" finished-at="2023-04-21T17:29:24 IST" duration-ms="344" status="PASS">
          <reporter-output>
          </reporter-output>
        </test-method> <!-- teardown -->
      </class> <!-- april21.Browsertesting -->
    </test> <!-- Firefoxbrowser -->
  </suite> <!-- Crossbrowsertesting -->
</testng-results>
