<?xml version="1.0" encoding="UTF-8"?>
<testng-results ignored="0" total="2" passed="2" failed="0" skipped="0">
  <reporter-output>
    <line>
      <![CDATA[no of rows are::9]]>
    </line>
    <line>
      <![CDATA[login success::dashboard    http://orangehrm.qedgetech.com/symfony/web/index.php/dashboard]]>
    </line>
    <line>
      <![CDATA[login success::dashboard    http://orangehrm.qedgetech.com/symfony/web/index.php/dashboard]]>
    </line>
    <line>
      <![CDATA[login success::dashboard    http://orangehrm.qedgetech.com/symfony/web/index.php/dashboard]]>
    </line>
    <line>
      <![CDATA[Username cannot be empty     dashboard    http://orangehrm.qedgetech.com/symfony/web/index.php/auth/login]]>
    </line>
    <line>
      <![CDATA[Invalid credentials     dashboard    http://orangehrm.qedgetech.com/symfony/web/index.php/auth/validateCredentials]]>
    </line>
    <line>
      <![CDATA[Password cannot be empty     dashboard    http://orangehrm.qedgetech.com/symfony/web/index.php/auth/login]]>
    </line>
    <line>
      <![CDATA[Username cannot be empty     dashboard    http://orangehrm.qedgetech.com/symfony/web/index.php/auth/login]]>
    </line>
    <line>
      <![CDATA[login success::dashboard    http://orangehrm.qedgetech.com/symfony/web/index.php/dashboard]]>
    </line>
    <line>
      <![CDATA[Invalid credentials     dashboard    http://orangehrm.qedgetech.com/symfony/web/index.php/auth/validateCredentials]]>
    </line>
    <line>
      <![CDATA[no of rows are::9]]>
    </line>
    <line>
      <![CDATA[add employee success::19694    19694]]>
    </line>
    <line>
      <![CDATA[add employee success::19695    19695]]>
    </line>
    <line>
      <![CDATA[add employee success::19696    19696]]>
    </line>
    <line>
      <![CDATA[add employee success::19697    19697]]>
    </line>
    <line>
      <![CDATA[add employee success::19698    19698]]>
    </line>
    <line>
      <![CDATA[add employee success::19699    19699]]>
    </line>
    <line>
      <![CDATA[add employee success::19700    19700]]>
    </line>
    <line>
      <![CDATA[add employee success::19701    19701]]>
    </line>
    <line>
      <![CDATA[add employee success::19702    19702]]>
    </line>
  </reporter-output>
  <suite started-at="2023-04-16T11:34:25 IST" name="Suite" finished-at="2023-04-16T11:35:47 IST" duration-ms="81780">
    <groups>
    </groups>
    <test started-at="2023-04-16T11:34:25 IST" name="driverscriptresults" finished-at="2023-04-16T11:34:59 IST" duration-ms="34164">
      <class name="driverFactory.DriverScript">
        <test-method is-config="true" signature="setup()[pri:0, instance:driverFactory.DriverScript@4b29d1d2]" started-at="2023-04-16T11:34:25 IST" name="setup" finished-at="2023-04-16T11:34:29 IST" duration-ms="3453" status="PASS">
          <reporter-output>
          </reporter-output>
        </test-method> <!-- setup -->
        <test-method signature="starttest()[pri:0, instance:driverFactory.DriverScript@4b29d1d2]" started-at="2023-04-16T11:34:29 IST" name="starttest" finished-at="2023-04-16T11:34:56 IST" duration-ms="27877" status="PASS">
          <reporter-output>
            <line>
              <![CDATA[no of rows are::9]]>
            </line>
            <line>
              <![CDATA[login success::dashboard    http://orangehrm.qedgetech.com/symfony/web/index.php/dashboard]]>
            </line>
            <line>
              <![CDATA[login success::dashboard    http://orangehrm.qedgetech.com/symfony/web/index.php/dashboard]]>
            </line>
            <line>
              <![CDATA[login success::dashboard    http://orangehrm.qedgetech.com/symfony/web/index.php/dashboard]]>
            </line>
            <line>
              <![CDATA[Username cannot be empty     dashboard    http://orangehrm.qedgetech.com/symfony/web/index.php/auth/login]]>
            </line>
            <line>
              <![CDATA[Invalid credentials     dashboard    http://orangehrm.qedgetech.com/symfony/web/index.php/auth/validateCredentials]]>
            </line>
            <line>
              <![CDATA[Password cannot be empty     dashboard    http://orangehrm.qedgetech.com/symfony/web/index.php/auth/login]]>
            </line>
            <line>
              <![CDATA[Username cannot be empty     dashboard    http://orangehrm.qedgetech.com/symfony/web/index.php/auth/login]]>
            </line>
            <line>
              <![CDATA[login success::dashboard    http://orangehrm.qedgetech.com/symfony/web/index.php/dashboard]]>
            </line>
            <line>
              <![CDATA[Invalid credentials     dashboard    http://orangehrm.qedgetech.com/symfony/web/index.php/auth/validateCredentials]]>
            </line>
          </reporter-output>
        </test-method> <!-- starttest -->
        <test-method is-config="true" signature="teardown()[pri:0, instance:driverFactory.DriverScript@4b29d1d2]" started-at="2023-04-16T11:34:57 IST" name="teardown" finished-at="2023-04-16T11:34:59 IST" duration-ms="2788" status="PASS">
          <reporter-output>
          </reporter-output>
        </test-method> <!-- teardown -->
      </class> <!-- driverFactory.DriverScript -->
    </test> <!-- driverscriptresults -->
    <test started-at="2023-04-16T11:34:59 IST" name="testscriptresults" finished-at="2023-04-16T11:35:47 IST" duration-ms="47580">
      <class name="driverFactory.TestScript">
        <test-method is-config="true" signature="Adminlogin()[pri:0, instance:driverFactory.TestScript@609e8838]" started-at="2023-04-16T11:34:59 IST" name="Adminlogin" finished-at="2023-04-16T11:35:08 IST" duration-ms="8349" status="PASS">
          <reporter-output>
          </reporter-output>
        </test-method> <!-- Adminlogin -->
        <test-method signature="startTest()[pri:0, instance:driverFactory.TestScript@609e8838]" started-at="2023-04-16T11:35:08 IST" name="startTest" finished-at="2023-04-16T11:35:46 IST" duration-ms="37923" status="PASS">
          <reporter-output>
            <line>
              <![CDATA[no of rows are::9]]>
            </line>
            <line>
              <![CDATA[add employee success::19694    19694]]>
            </line>
            <line>
              <![CDATA[add employee success::19695    19695]]>
            </line>
            <line>
              <![CDATA[add employee success::19696    19696]]>
            </line>
            <line>
              <![CDATA[add employee success::19697    19697]]>
            </line>
            <line>
              <![CDATA[add employee success::19698    19698]]>
            </line>
            <line>
              <![CDATA[add employee success::19699    19699]]>
            </line>
            <line>
              <![CDATA[add employee success::19700    19700]]>
            </line>
            <line>
              <![CDATA[add employee success::19701    19701]]>
            </line>
            <line>
              <![CDATA[add employee success::19702    19702]]>
            </line>
          </reporter-output>
        </test-method> <!-- startTest -->
        <test-method is-config="true" signature="teardown()[pri:0, instance:driverFactory.TestScript@609e8838]" started-at="2023-04-16T11:35:46 IST" name="teardown" finished-at="2023-04-16T11:35:47 IST" duration-ms="1300" status="PASS">
          <reporter-output>
          </reporter-output>
        </test-method> <!-- teardown -->
      </class> <!-- driverFactory.TestScript -->
    </test> <!-- testscriptresults -->
  </suite> <!-- Suite -->
</testng-results>
