<?xml version="1.0" encoding="UTF-8"?>
<!-- Generated by org.testng.reporters.JUnitXMLReporter -->
<testsuite ignored="0" hostname="LAPTOP-TF7ID873" failures="0" tests="4" name="Chromebrowser" time="15.284" errors="0" timestamp="2023-04-21T17:29:02 IST">
  <testcase classname="april21.Browsertesting" name="verify_login" time="7.273"/>
  <testcase classname="april21.Browsertesting" name="verify_login" time="1.957"/>
  <testcase classname="april21.Browsertesting" name="verify_login" time="2.236"/>
  <testcase classname="april21.Browsertesting" name="verify_login" time="1.978"/>
</testsuite> <!-- Chromebrowser -->
