<?xml version="1.0" encoding="UTF-8"?>
<!-- Generated by org.testng.reporters.JUnitXMLReporter -->
<testsuite ignored="0" hostname="LAPTOP-TF7ID873" failures="0" tests="4" name="Firefoxbrowser" time="21.452" errors="0" timestamp="2023-04-21T17:29:24 IST">
  <testcase classname="april21.Browsertesting" name="verify_login" time="6.618"/>
  <testcase classname="april21.Browsertesting" name="verify_login" time="2.978"/>
  <testcase classname="april21.Browsertesting" name="verify_login" time="2.25"/>
  <testcase classname="april21.Browsertesting" name="verify_login" time="1.95"/>
</testsuite> <!-- Firefoxbrowser -->
